SF:lib\src\sunday_utils.dart
DA:1,1
DA:2,2
DA:4,1
DA:5,1
DA:8,1
DA:9,1
DA:10,2
DA:13,1
DA:15,0
DA:18,1
DA:19,0
DA:21,1
DA:22,3
DA:24,1
DA:26,2
DA:27,1
DA:28,1
DA:29,2
DA:32,1
DA:34,5
DA:38,1
DA:39,3
DA:42,1
DA:44,1
DA:46,1
DA:48,1
DA:50,1
DA:52,1
DA:54,1
DA:56,1
DA:58,1
DA:60,1
DA:62,1
DA:64,1
DA:67,0
DA:71,1
DA:72,0
DA:73,3
DA:76,1
DA:77,1
DA:80,2
DA:83,1
DA:84,0
DA:85,2
DA:87,1
DA:88,2
DA:91,2
DA:94,1
DA:95,0
DA:96,1
DA:98,1
DA:99,1
DA:100,3
DA:101,1
DA:102,1
DA:103,1
DA:104,1
DA:105,1
DA:106,1
DA:107,1
DA:109,1
DA:110,3
DA:115,1
DA:116,6
DA:119,2
DA:120,1
DA:121,1
DA:122,1
DA:123,1
DA:124,1
DA:125,1
DA:126,1
DA:127,1
DA:128,1
DA:129,1
DA:130,1
DA:131,1
DA:132,1
DA:133,1
DA:134,1
DA:135,1
DA:136,1
DA:137,1
DA:138,1
DA:139,1
DA:140,1
DA:141,1
DA:142,1
DA:143,1
DA:144,1
DA:145,1
DA:146,1
LF:92
LH:86
end_of_record
