SF:lib\src\sunday_utils.dart
DA:1,2
DA:2,4
DA:4,2
DA:5,2
DA:8,2
DA:9,2
DA:10,4
DA:13,2
DA:15,0
DA:18,2
DA:19,0
DA:21,2
DA:22,6
DA:24,2
DA:26,4
DA:27,2
DA:28,2
DA:29,4
DA:32,2
DA:34,10
DA:38,2
DA:39,6
DA:42,2
DA:44,2
DA:46,2
DA:48,2
DA:50,2
DA:52,2
DA:54,2
DA:56,2
DA:58,1
DA:60,1
DA:62,1
DA:64,1
DA:67,0
DA:71,1
DA:72,0
DA:73,3
DA:76,1
DA:77,1
DA:80,2
DA:83,2
DA:84,0
DA:85,4
DA:87,2
DA:88,4
DA:91,2
DA:94,2
DA:95,0
DA:96,2
DA:98,2
DA:99,2
DA:100,6
DA:101,2
DA:102,2
DA:103,2
DA:104,2
DA:105,2
DA:106,2
DA:107,2
DA:109,2
DA:110,6
DA:115,2
DA:116,12
DA:119,4
DA:120,2
DA:121,2
DA:122,2
DA:123,2
DA:124,2
DA:125,2
DA:126,2
DA:127,2
DA:128,2
DA:129,2
DA:130,2
DA:131,2
DA:132,2
DA:133,2
DA:134,2
DA:135,2
DA:136,2
DA:137,2
DA:138,2
DA:139,2
DA:140,2
DA:141,2
DA:142,2
DA:143,2
DA:144,2
DA:145,2
DA:146,2
LF:92
LH:86
end_of_record
